<?xml version="1.0" encoding="UTF-8"?>
<!-- Generated by org.testng.reporters.JUnitReportReporter -->
<testsuite name="GmailAvutomation2.LOGINGMAIL" tests="2" time="16.523" ignored="0" failures="0" timestamp="27 Jan 2020 20:01:15 GMT" skipped="0" hostname="honey" errors="0">
  <testcase name="Test2" time="5.986" classname="GmailAvutomation2.LOGINGMAIL"/>
  <testcase name="Test1" time="10.537" classname="GmailAvutomation2.LOGINGMAIL"/>
</testsuite> <!-- GmailAvutomation2.LOGINGMAIL -->
